[2026/01/02 21:49:45 INFO]:           __             _       
[2026/01/02 21:49:45 INFO]:   _ __   / /  ___   __ _(_)_ __  
[2026/01/02 21:49:45 INFO]:  | '_ \ / /  / _ \ / _` | | '_ \ 
[2026/01/02 21:49:45 INFO]:  | | | / /__| (_) | (_| | | | | |
[2026/01/02 21:49:45 INFO]:  |_| |_\____/\___/ \__, |_|_| |_|
[2026/01/02 21:49:45 INFO]:                   |___/            
[2026/01/02 21:49:45 INFO]:  By: www.nickuc.com - V 2.0.7
[2026/01/02 21:49:45 INFO]:  
[2026/01/02 21:49:45 DEBUG]: The config.yml file was created successfully.
[2026/01/02 21:49:46 DEBUG]: Loading the messages_es.yml message file...
[2026/01/02 21:49:46 DEBUG]: Messages were loaded in 84 ms (single file).
[2026/01/02 21:49:48 DEBUG]: Settings were loaded in 2136 ms.
[2026/01/02 21:49:48 DEBUG]: Loading database...
[2026/01/02 21:49:48 INFO]: Generating RSA keypair... (this may take a while)
[2026/01/02 21:49:48 INFO]: The RSA key pair was successfully generated. Took 0.73s
[2026/01/02 21:49:49 DEBUG]: Starting logger filter...
[2026/01/02 21:50:09 INFO]: 
[2026/01/02 21:50:09 INFO]:  Thank you so much for choosing nLogin! :)
[2026/01/02 21:50:09 INFO]: 
[2026/01/02 21:50:09 INFO]:  For your safety, please read the message below:
[2026/01/02 21:50:09 INFO]:   Never download nLogin from unknown sources.
[2026/01/02 21:50:09 INFO]:   A modified version may contain malicious software.
[2026/01/02 21:50:09 INFO]: 
[2026/01/02 21:50:09 INFO]:  Trusted sources:
[2026/01/02 21:50:09 INFO]:   Website: nickuc.com
[2026/01/02 21:50:09 INFO]:   GitHub: github.com/nickuc-com
[2026/01/02 21:50:09 INFO]:   OpeNLogin installer (from Spigot or GitHub)
[2026/01/02 21:50:09 INFO]: 
[2026/01/02 21:50:09 INFO]:  Official support:
[2026/01/02 21:50:09 INFO]:   Documentation: docs.nickuc.com/nlogin/
[2026/01/02 21:50:09 INFO]:   Discord: nickuc.com/discord
[2026/01/02 21:50:09 INFO]:   Email: support@nickuc.com
[2026/01/02 21:50:09 INFO]: 
[2026/01/02 21:50:45 INFO]: Successful plugin core shutdown (took 0.00s)
