[2026/01/02 21:53:56 INFO]:           __             _       
[2026/01/02 21:53:56 INFO]:   _ __   / /  ___   __ _(_)_ __  
[2026/01/02 21:53:56 INFO]:  | '_ \ / /  / _ \ / _` | | '_ \ 
[2026/01/02 21:53:56 INFO]:  | | | / /__| (_) | (_| | | | | |
[2026/01/02 21:53:56 INFO]:  |_| |_\____/\___/ \__, |_|_| |_|
[2026/01/02 21:53:56 INFO]:                   |___/            
[2026/01/02 21:53:56 INFO]:  By: www.nickuc.com - V 2.0.7
[2026/01/02 21:53:56 INFO]:  
[2026/01/02 21:53:57 DEBUG]: Loading the messages_es.yml message file...
[2026/01/02 21:53:57 DEBUG]: Messages were loaded in 92 ms (single file).
[2026/01/02 21:53:57 DEBUG]: Settings were loaded in 217 ms.
[2026/01/02 21:53:57 DEBUG]: Loading database...
[2026/01/02 21:53:57 DEBUG]: Starting logger filter...
[2026/01/02 21:54:15 INFO]: 
[2026/01/02 21:54:15 INFO]:  Thank you so much for choosing nLogin! :)
[2026/01/02 21:54:15 INFO]: 
[2026/01/02 21:54:15 INFO]:  For your safety, please read the message below:
[2026/01/02 21:54:15 INFO]:   Never download nLogin from unknown sources.
[2026/01/02 21:54:15 INFO]:   A modified version may contain malicious software.
[2026/01/02 21:54:15 INFO]: 
[2026/01/02 21:54:15 INFO]:  Trusted sources:
[2026/01/02 21:54:15 INFO]:   Website: nickuc.com
[2026/01/02 21:54:15 INFO]:   GitHub: github.com/nickuc-com
[2026/01/02 21:54:15 INFO]:   OpeNLogin installer (from Spigot or GitHub)
[2026/01/02 21:54:15 INFO]: 
[2026/01/02 21:54:15 INFO]:  Official support:
[2026/01/02 21:54:15 INFO]:   Documentation: docs.nickuc.com/nlogin/
[2026/01/02 21:54:15 INFO]:   Discord: nickuc.com/discord
[2026/01/02 21:54:15 INFO]:   Email: support@nickuc.com
[2026/01/02 21:54:15 INFO]: 
[2026/01/02 21:55:29 DEBUG]: Loading the messages_es.yml message file...
[2026/01/02 21:55:29 DEBUG]: Messages were loaded in 18 ms (single file).
[2026/01/02 21:55:29 DEBUG]: Settings were loaded in 26 ms.
[2026/01/02 21:55:42 DEBUG]: [SQLite] [UPDATE]: "INSERT INTO `nlogin` (`last_name`, `unique_id`, `mojang_id`, `bedrock_id`, `password`, `last_ip`, `creation_date`, `last_seen`, `email`, `discord`, `settings`) VALUES ('Cerxh_', fd3429516e6b3e8181bcf3ad00b8b875, null, null, '$argon2id$v=19$m=32768,t=5,p=1$62QbMZ+PMv/3WzmLw8P0sQ$Ehcq6FF7olfyaBjp3hchFOm/vysxxBKXFITdT6Ly/WI', '127.124.107.152', '2026-01-02 21:55:42.706', '2026-01-02 21:55:42.706', null, null, '{"settings":[{"value":true,"key":"force-invalid-session"}],"version":0}')" (applied to all columns)
[2026/01/02 21:55:42 INFO]: The user Cerxh_ has successfully registered.
[2026/01/02 22:16:36 DEBUG]: [SQLite] [UPDATE]: "INSERT INTO `nlogin` (`last_name`, `unique_id`, `mojang_id`, `bedrock_id`, `password`, `last_ip`, `creation_date`, `last_seen`, `email`, `discord`, `settings`) VALUES ('mr_tocino', 07f2bcc0afce3b3c8fb79d37f0545e6f, null, null, '$argon2id$v=19$m=32768,t=5,p=1$UDgqSgkgeqAY9rOmcpfylQ$spC3Uf5GCqWXiFeRmf1LCf1famzMyzuIwG0IOqDliJA', '127.226.215.159', '2026-01-02 22:16:36.832', '2026-01-02 22:16:36.832', null, null, '{"settings":[{"value":true,"key":"force-invalid-session"}],"version":0}')" (applied to all columns)
[2026/01/02 22:16:36 INFO]: The user mr_tocino has successfully registered.
[2026/01/02 22:23:38 INFO]: Successful plugin core shutdown (took 0.00s)
