[02:58:41] [ServerMain/INFO]: [bootstrap] Running Java 21 (OpenJDK 64-Bit Server VM 21.0.9+10-Ubuntu-124.04; Ubuntu null) on Linux 6.8.0-1030-azure (amd64)
[02:58:41] [ServerMain/INFO]: [bootstrap] Loading Paper 1.21-130-master@b1b5d4c (2024-08-10T10:02:42Z) for Minecraft 1.21
[02:58:42] [ServerMain/INFO]: [PluginInitializerManager] Initializing plugins...
[02:58:42] [ServerMain/INFO]: [PluginInitializerManager] Initialized 0 plugins
[02:58:43] [Paper Plugin Remapper Thread - 0/INFO]: [ReobfServer] Remapping server...
[02:58:48] [ServerMain/INFO]: Environment: Environment[sessionHost=https://sessionserver.mojang.com, servicesHost=https://api.minecraftservices.com, name=PROD]
[02:58:49] [ServerMain/INFO]: Found new data pack file/bukkit, loading it automatically
[02:58:49] [ServerMain/INFO]: Found new data pack paper, loading it automatically
[02:58:50] [ServerMain/INFO]: No existing world data, creating new world
[02:58:51] [ServerMain/INFO]: Loaded 1290 recipes
[02:58:52] [ServerMain/INFO]: Loaded 1399 advancements
[02:58:52] [Paper Plugin Remapper Thread - 0/INFO]: [ReobfServer] Done remapping server in 9337ms.
[02:58:52] [Server thread/INFO]: Starting minecraft server version 1.21
[02:58:52] [Server thread/INFO]: Loading properties
[02:58:52] [Server thread/INFO]: This server is running Paper version 1.21-130-master@b1b5d4c (2024-08-10T10:02:42Z) (Implementing API version 1.21-R0.1-SNAPSHOT)
[02:58:53] [Server thread/INFO]: [spark] This server bundles the spark profiler. For more information please visit https://docs.papermc.io/paper/profiling
[02:58:53] [Server thread/INFO]: Server Ping Player Sample Count: 12
[02:58:53] [Server thread/INFO]: Using 4 threads for Netty based IO
[02:58:54] [Server thread/INFO]: [ChunkTaskScheduler] Chunk system is using 1 I/O threads, 1 worker threads, and population gen parallelism of 1 threads
[02:58:54] [Server thread/INFO]: Default game type: SURVIVAL
[02:58:54] [Server thread/INFO]: Generating keypair
[02:58:54] [Server thread/INFO]: Starting Minecraft server on *:25565
[02:58:54] [Server thread/INFO]: Using epoll channel type
[02:58:54] [Server thread/INFO]: Paper: Using libdeflate (Linux x86_64) compression from Velocity.
[02:58:54] [Server thread/INFO]: Paper: Using OpenSSL 3.0.x (Linux x86_64) cipher from Velocity.
[02:58:54] [Server thread/WARN]: **** SERVER IS RUNNING IN OFFLINE/INSECURE MODE!
[02:58:54] [Server thread/WARN]: The server will make no attempt to authenticate usernames. Beware.
[02:58:54] [Server thread/WARN]: While this makes the game possible to play without internet access, it also opens up the ability for hackers to connect with any username they choose.
[02:58:54] [Server thread/WARN]: To change this, set "online-mode" to "true" in the server.properties file.
[02:58:54] [Server thread/INFO]: Preparing level "world"
[02:59:04] [Server thread/INFO]: Preparing start region for dimension minecraft:overworld
[02:59:09] [Server thread/INFO]: Time elapsed: 5141 ms
[02:59:09] [Server thread/INFO]: Preparing start region for dimension minecraft:the_nether
[02:59:11] [Server thread/INFO]: Time elapsed: 2118 ms
[02:59:11] [Server thread/INFO]: Preparing start region for dimension minecraft:the_end
[02:59:12] [Server thread/INFO]: Time elapsed: 573 ms
[02:59:12] [Server thread/INFO]: [spark] Starting background profiler...
[02:59:12] [Server thread/INFO]: Done preparing level "world" (18.152s)
[02:59:12] [Server thread/INFO]: Running delayed init tasks
[02:59:12] [Server thread/INFO]: Done (31.573s)! For help, type "help"
[02:59:12] [Server thread/INFO]: *************************************************************************************
[02:59:12] [Server thread/INFO]: This is the first time you're starting this server.
[02:59:12] [Server thread/INFO]: It's recommended you read our 'Getting Started' documentation for guidance.
[02:59:12] [Server thread/INFO]: View this and more helpful information here: https://docs.papermc.io/paper/next-steps
[02:59:12] [Server thread/INFO]: *************************************************************************************
[02:59:12] [Server thread/INFO]: Timings Reset
[03:02:27] [User Authenticator #0/INFO]: UUID of player Cerxh_ is fd342951-6e6b-3e81-81bc-f3ad00b8b875
[03:02:28] [Server thread/INFO]: Cerxh_ joined the game
[03:02:29] [Server thread/INFO]: Cerxh_[/127.124.107.152:45267] logged in with entity id 21 at ([world]-73.5, 71.0, 14.5)
